<?xml version="1.0" encoding="UTF-8"?>
<!-- Generated by org.testng.reporters.JUnitXMLReporter -->
<testsuite ignored="0" hostname="Laptop-SY-02" failures="0" tests="3" name="Default test" time="27.258" errors="0" timestamp="2022-10-10T23:41:04 IST">
  <testcase classname="Testcases.amazonAutomationTC" name="addMenHat" time="11.652"/>
  <testcase classname="Testcases.amazonAutomationTC" name="womenHat" time="10.875"/>
  <testcase classname="Testcases.amazonAutomationTC" name="sumOfMenAndWomenHat" time="4.692"/>
</testsuite> <!-- Default test -->
