<?xml version="1.0" encoding="UTF-8"?>
<testng-results ignored="0" total="3" passed="3" failed="0" skipped="0">
  <reporter-output>
    <line>
      <![CDATA[Available Pets]]>
    </line>
    <line>
      <![CDATA[Base URI: https://petstore.swagger.io/#]]>
    </line>
    <line>
      <![CDATA[Base Path: /v2/pet/findByStatus?status=available]]>
    </line>
    <line>
      <![CDATA[Pet Name: null]]>
    </line>
    <line>
      <![CDATA[Response body contains doggie]]>
    </line>
    <line>
      <![CDATA[Status code: 200]]>
    </line>
    <line>
      <![CDATA[Actual status Code matches with expected ]]>
    </line>
    <line>
      <![CDATA[StatusLine: HTTP/1.1 200 OK]]>
    </line>
    <line>
      <![CDATA[Actual status Line matches with expected ]]>
    </line>
    <line>
      <![CDATA[Response body contains Pets with available status only ]]>
    </line>
    <line>
      <![CDATA[Pending Pets]]>
    </line>
    <line>
      <![CDATA[Base URI: https://petstore.swagger.io/#]]>
    </line>
    <line>
      <![CDATA[Base Path: /v2/pet/findByStatus?status=pending]]>
    </line>
    <line>
      <![CDATA[Pet Name: dog]]>
    </line>
    <line>
      <![CDATA[Response body contains doggie]]>
    </line>
    <line>
      <![CDATA[Status code: 200]]>
    </line>
    <line>
      <![CDATA[Actual status Code matches with expected ]]>
    </line>
    <line>
      <![CDATA[StatusLine: HTTP/1.1 200 OK]]>
    </line>
    <line>
      <![CDATA[Actual status Line matches with expected ]]>
    </line>
    <line>
      <![CDATA[Response body contains Pets with pending status only]]>
    </line>
    <line>
      <![CDATA[Sold Pets]]>
    </line>
    <line>
      <![CDATA[Base URI: https://petstore.swagger.io/#]]>
    </line>
    <line>
      <![CDATA[Base Path: /v2/pet/findByStatus?status=sold]]>
    </line>
    <line>
      <![CDATA[Pet Name: string]]>
    </line>
    <line>
      <![CDATA[Response body contains doggie]]>
    </line>
    <line>
      <![CDATA[Status code: 200]]>
    </line>
    <line>
      <![CDATA[Actual status Code matches with expected ]]>
    </line>
    <line>
      <![CDATA[StatusLine: HTTP/1.1 200 OK]]>
    </line>
    <line>
      <![CDATA[Actual status Line matches with expected ]]>
    </line>
    <line>
      <![CDATA[Response body contains Pets with sold status only ]]>
    </line>
  </reporter-output>
  <suite started-at="2022-10-11T18:48:58 IST" name="Suite" finished-at="2022-10-11T18:49:07 IST" duration-ms="8334">
    <groups>
    </groups>
    <test started-at="2022-10-11T18:48:58 IST" name="Test" finished-at="2022-10-11T18:49:07 IST" duration-ms="8334">
      <class name="TestCases.findPetsByStatus">
        <test-method is-config="true" signature="loadpropertiesFile()[pri:0, instance:TestCases.findPetsByStatus@6c80d78a]" started-at="2022-10-11T18:48:58 IST" name="loadpropertiesFile" finished-at="2022-10-11T18:48:58 IST" duration-ms="12" status="PASS">
          <reporter-output>
          </reporter-output>
        </test-method> <!-- loadpropertiesFile -->
        <test-method signature="availablePets()[pri:1, instance:TestCases.findPetsByStatus@6c80d78a]" started-at="2022-10-11T18:48:59 IST" name="availablePets" finished-at="2022-10-11T18:49:04 IST" duration-ms="5275" status="PASS">
          <reporter-output>
            <line>
              <![CDATA[Available Pets]]>
            </line>
            <line>
              <![CDATA[Base URI: https://petstore.swagger.io/#]]>
            </line>
            <line>
              <![CDATA[Base Path: /v2/pet/findByStatus?status=available]]>
            </line>
            <line>
              <![CDATA[Pet Name: null]]>
            </line>
            <line>
              <![CDATA[Response body contains doggie]]>
            </line>
            <line>
              <![CDATA[Status code: 200]]>
            </line>
            <line>
              <![CDATA[Actual status Code matches with expected ]]>
            </line>
            <line>
              <![CDATA[StatusLine: HTTP/1.1 200 OK]]>
            </line>
            <line>
              <![CDATA[Actual status Line matches with expected ]]>
            </line>
            <line>
              <![CDATA[Response body contains Pets with available status only ]]>
            </line>
          </reporter-output>
        </test-method> <!-- availablePets -->
        <test-method signature="pendingPets()[pri:2, instance:TestCases.findPetsByStatus@6c80d78a]" started-at="2022-10-11T18:49:04 IST" name="pendingPets" finished-at="2022-10-11T18:49:05 IST" duration-ms="1529" status="PASS">
          <reporter-output>
            <line>
              <![CDATA[Pending Pets]]>
            </line>
            <line>
              <![CDATA[Base URI: https://petstore.swagger.io/#]]>
            </line>
            <line>
              <![CDATA[Base Path: /v2/pet/findByStatus?status=pending]]>
            </line>
            <line>
              <![CDATA[Pet Name: dog]]>
            </line>
            <line>
              <![CDATA[Response body contains doggie]]>
            </line>
            <line>
              <![CDATA[Status code: 200]]>
            </line>
            <line>
              <![CDATA[Actual status Code matches with expected ]]>
            </line>
            <line>
              <![CDATA[StatusLine: HTTP/1.1 200 OK]]>
            </line>
            <line>
              <![CDATA[Actual status Line matches with expected ]]>
            </line>
            <line>
              <![CDATA[Response body contains Pets with pending status only]]>
            </line>
          </reporter-output>
        </test-method> <!-- pendingPets -->
        <test-method signature="soldPets()[pri:3, instance:TestCases.findPetsByStatus@6c80d78a]" started-at="2022-10-11T18:49:05 IST" name="soldPets" finished-at="2022-10-11T18:49:07 IST" duration-ms="1499" status="PASS">
          <reporter-output>
            <line>
              <![CDATA[Sold Pets]]>
            </line>
            <line>
              <![CDATA[Base URI: https://petstore.swagger.io/#]]>
            </line>
            <line>
              <![CDATA[Base Path: /v2/pet/findByStatus?status=sold]]>
            </line>
            <line>
              <![CDATA[Pet Name: string]]>
            </line>
            <line>
              <![CDATA[Response body contains doggie]]>
            </line>
            <line>
              <![CDATA[Status code: 200]]>
            </line>
            <line>
              <![CDATA[Actual status Code matches with expected ]]>
            </line>
            <line>
              <![CDATA[StatusLine: HTTP/1.1 200 OK]]>
            </line>
            <line>
              <![CDATA[Actual status Line matches with expected ]]>
            </line>
            <line>
              <![CDATA[Response body contains Pets with sold status only ]]>
            </line>
          </reporter-output>
        </test-method> <!-- soldPets -->
      </class> <!-- TestCases.findPetsByStatus -->
    </test> <!-- Test -->
  </suite> <!-- Suite -->
</testng-results>
