<?xml version="1.0" encoding="UTF-8"?>
<!-- Generated by org.testng.reporters.JUnitXMLReporter -->
<testsuite ignored="0" hostname="Laptop-SY-02" failures="0" tests="3" name="Test" time="47.416" errors="0" timestamp="2022-10-26T12:52:09 IST">
  <testcase classname="TestCases.amazonAutomationTestCase" name="TestCase1_AddMenHat" time="19.545"/>
  <testcase classname="TestCases.amazonAutomationTestCase" name="TestCase2_AddWomenHat" time="21.23"/>
  <testcase classname="TestCases.amazonAutomationTestCase" name="TestCase3_SumOfHats" time="6.543"/>
</testsuite> <!-- Test -->
