<?xml version="1.0" encoding="UTF-8"?>
<!-- Generated by org.testng.reporters.JUnitXMLReporter -->
<testsuite hostname="Laptop-SY-02" ignored="0" name="Default test" tests="2" failures="0" timestamp="27 Oct 2022 06:03:05 GMT" time="0.071" errors="0">
  <testcase name="Login" time="0.0" classname="tests.SampleTestScenario">
    <skipped/>
  </testcase> <!-- Login -->
  <testcase name="LibraryFunctionality" time="0.0" classname="tests.SampleTestScenario">
    <skipped/>
  </testcase> <!-- LibraryFunctionality -->
</testsuite> <!-- Default test -->
