<?xml version="1.0" encoding="UTF-8"?>
<!-- Generated by org.testng.reporters.JUnitXMLReporter -->
<testsuite ignored="0" hostname="Laptop-SY-02" failures="0" tests="3" name="Test" time="8.334" errors="0" timestamp="2022-10-11T18:49:07 IST">
  <testcase classname="TestCases.findPetsByStatus" name="availablePets" time="5.275"/>
  <testcase classname="TestCases.findPetsByStatus" name="pendingPets" time="1.529"/>
  <testcase classname="TestCases.findPetsByStatus" name="soldPets" time="1.499"/>
</testsuite> <!-- Test -->
